2020/03/07 10:02:17 ---------------------------
2020/03/07 10:02:17 - softtube client started -
2020/03/07 10:02:17 ---------------------------
2020/03/07 10:02:17 
2020/03/07 10:02:17 Settings:
2020/03/07 10:02:17 ---------
2020/03/07 10:02:17 CONNECTION:
2020/03/07 10:02:17 	Server 			:  192.168.1.3
2020/03/07 10:02:17 	Port 			:  3306
2020/03/07 10:02:17 	Database 		:  softtube
2020/03/07 10:02:17 	Username 		:  per
2020/03/07 10:02:17 BACKUP:
2020/03/07 10:02:17 	Path			:  /home/per/backup
2020/03/07 10:02:17 UPDATE:
2020/03/07 10:02:17 	Log path 		:  /home/per/go/src/github.com/hultan/softtube/softtube.update/update.log
2020/03/07 10:02:17 	Youtube-dl path	:  /usr/bin
2020/03/07 10:02:17 	Thumbnails path	:  /home/per/Videos/youtube/thumbnails
2020/03/07 10:02:17 INTERVALS:
2020/03/07 10:02:17 	High 			:  1800
2020/03/07 10:02:17 	Medium 			:  7200
2020/03/07 10:02:17 	Low 			:  14400
2020/03/07 10:02:17 ---------
2020/03/07 10:02:17 
2020/03/07 10:02:35 
2020/03/07 10:02:35 -------------------
2020/03/07 10:02:35 - update finished -
2020/03/07 10:02:35 -------------------
2020/03/07 10:02:35 
2020/03/07 10:04:28 ---------------------------
2020/03/07 10:04:28 - softtube client started -
2020/03/07 10:04:28 ---------------------------
2020/03/07 10:04:28 
2020/03/07 10:04:28 Settings:
2020/03/07 10:04:28 ---------
2020/03/07 10:04:28 CONNECTION:
2020/03/07 10:04:28 	Server 			:  192.168.1.3
2020/03/07 10:04:28 	Port 			:  3306
2020/03/07 10:04:28 	Database 		:  softtube
2020/03/07 10:04:28 	Username 		:  per
2020/03/07 10:04:28 BACKUP:
2020/03/07 10:04:28 	Path			:  /home/per/backup
2020/03/07 10:04:28 UPDATE:
2020/03/07 10:04:28 	Log path 		:  /home/per/go/src/github.com/hultan/softtube/softtube.update/update.log
2020/03/07 10:04:28 	Youtube-dl path	:  /usr/bin
2020/03/07 10:04:28 	Thumbnails path	:  /home/per/Videos/youtube/thumbnails
2020/03/07 10:04:28 CLIENT:
2020/03/07 10:04:28 	Log path 		:  /home/per/go/src/github.com/hultan/softtube/softtube/client.log
2020/03/07 10:04:28 	Videos path		:  /home/per/Videos/youtube/videos
2020/03/07 10:04:28 INTERVALS:
2020/03/07 10:04:28 	High 			:  1800
2020/03/07 10:04:28 	Medium 			:  7200
2020/03/07 10:04:28 	Low 			:  14400
2020/03/07 10:04:28 ---------
2020/03/07 10:04:28 
2020/03/07 10:06:17 ---------------------------
2020/03/07 10:06:17 - softtube client started -
2020/03/07 10:06:17 ---------------------------
2020/03/07 10:06:17 
2020/03/07 10:06:17 Settings:
2020/03/07 10:06:17 ---------
2020/03/07 10:06:17 CONNECTION:
2020/03/07 10:06:17 	Server 			:  192.168.1.3
2020/03/07 10:06:17 	Port 			:  3306
2020/03/07 10:06:17 	Database 		:  softtube
2020/03/07 10:06:17 	Username 		:  per
2020/03/07 10:06:17 BACKUP:
2020/03/07 10:06:17 	Path			:  /home/per/backup
2020/03/07 10:06:17 UPDATE:
2020/03/07 10:06:17 	Log path 		:  /home/per/go/src/github.com/hultan/softtube/softtube.update/update.log
2020/03/07 10:06:17 	Youtube-dl path	:  /usr/bin
2020/03/07 10:06:17 	Thumbnails path	:  /home/per/Videos/youtube/thumbnails
2020/03/07 10:06:17 CLIENT:
2020/03/07 10:06:17 	Log path 		:  /home/per/go/src/github.com/hultan/softtube/softtube/client.log
2020/03/07 10:06:17 	Videos path		:  /home/per/Videos/youtube/videos
2020/03/07 10:06:17 INTERVALS:
2020/03/07 10:06:17 	High 			:  1800
2020/03/07 10:06:17 	Medium 			:  7200
2020/03/07 10:06:17 	Low 			:  14400
2020/03/07 10:06:17 ---------
2020/03/07 10:06:17 
2020/03/07 10:06:32 
2020/03/07 10:06:32 -------------------
2020/03/07 10:06:32 - update finished -
2020/03/07 10:06:32 -------------------
2020/03/07 10:06:32 
2020/03/07 10:06:50 ---------------------------
2020/03/07 10:06:50 - softtube client started -
2020/03/07 10:06:50 ---------------------------
2020/03/07 10:06:50 
2020/03/07 10:06:50 Settings:
2020/03/07 10:06:50 ---------
2020/03/07 10:06:50 CONNECTION:
2020/03/07 10:06:50 	Server 			:  192.168.1.3
2020/03/07 10:06:50 	Port 			:  3306
2020/03/07 10:06:50 	Database 		:  softtube
2020/03/07 10:06:50 	Username 		:  per
2020/03/07 10:06:50 BACKUP:
2020/03/07 10:06:50 	Path			:  /home/per/backup
2020/03/07 10:06:50 UPDATE:
2020/03/07 10:06:50 	Log path 		:  /home/per/go/src/github.com/hultan/softtube/softtube.update/update.log
2020/03/07 10:06:50 	Youtube-dl path	:  /usr/bin
2020/03/07 10:06:50 	Thumbnails path	:  /home/per/Videos/youtube/thumbnails
2020/03/07 10:06:50 CLIENT:
2020/03/07 10:06:50 	Log path 		:  /home/per/go/src/github.com/hultan/softtube/softtube/client.log
2020/03/07 10:06:50 	Videos path		:  /home/per/Videos/youtube/videos
2020/03/07 10:06:50 INTERVALS:
2020/03/07 10:06:50 	High 			:  1800
2020/03/07 10:06:50 	Medium 			:  7200
2020/03/07 10:06:50 	Low 			:  14400
2020/03/07 10:06:50 ---------
2020/03/07 10:06:50 
2020/03/07 10:06:53 
2020/03/07 10:06:53 -------------------
2020/03/07 10:06:53 - update finished -
2020/03/07 10:06:53 -------------------
2020/03/07 10:06:53 
2020/03/07 10:54:59 ---------------------------
2020/03/07 10:54:59 - softtube client started -
2020/03/07 10:54:59 ---------------------------
2020/03/07 10:54:59 
2020/03/07 10:54:59 Settings:
2020/03/07 10:54:59 ---------
2020/03/07 10:54:59 CONNECTION:
2020/03/07 10:54:59 	Server 			:  192.168.1.3
2020/03/07 10:54:59 	Port 			:  3306
2020/03/07 10:54:59 	Database 		:  softtube
2020/03/07 10:54:59 	Username 		:  per
2020/03/07 10:54:59 BACKUP:
2020/03/07 10:54:59 	Path			:  /home/per/backup
2020/03/07 10:54:59 UPDATE:
2020/03/07 10:54:59 	Log path 		:  /home/per/go/src/github.com/hultan/softtube/softtube.update/update.log
2020/03/07 10:54:59 	Youtube-dl path	:  /usr/bin
2020/03/07 10:54:59 	Thumbnails path	:  /home/per/Videos/youtube/thumbnails
2020/03/07 10:54:59 CLIENT:
2020/03/07 10:54:59 	Log path 		:  /home/per/go/src/github.com/hultan/softtube/softtube/client.log
2020/03/07 10:54:59 	Videos path		:  /home/per/Videos/youtube/videos
2020/03/07 10:54:59 INTERVALS:
2020/03/07 10:54:59 	High 			:  1800
2020/03/07 10:54:59 	Medium 			:  7200
2020/03/07 10:54:59 	Low 			:  14400
2020/03/07 10:54:59 ---------
2020/03/07 10:54:59 
2020/03/07 10:54:59 
2020/03/07 10:54:59 -------------------
2020/03/07 10:54:59 - update finished -
2020/03/07 10:54:59 -------------------
2020/03/07 10:54:59 
2020/03/07 11:03:01 ---------------------------
2020/03/07 11:03:01 - softtube client started -
2020/03/07 11:03:01 ---------------------------
2020/03/07 11:03:01 
2020/03/07 11:03:01 Settings:
2020/03/07 11:03:01 ---------
2020/03/07 11:03:01 CONNECTION:
2020/03/07 11:03:01 	Server 			:  192.168.1.3
2020/03/07 11:03:01 	Port 			:  3306
2020/03/07 11:03:01 	Database 		:  softtube
2020/03/07 11:03:01 	Username 		:  per
2020/03/07 11:03:01 BACKUP:
2020/03/07 11:03:01 	Path			:  /home/per/backup
2020/03/07 11:03:01 UPDATE:
2020/03/07 11:03:01 	Log path 		:  /home/per/go/src/github.com/hultan/softtube/softtube.update/update.log
2020/03/07 11:03:01 	Youtube-dl path	:  /usr/bin
2020/03/07 11:03:01 	Thumbnails path	:  /home/per/Videos/youtube/thumbnails
2020/03/07 11:03:01 CLIENT:
2020/03/07 11:03:01 	Log path 		:  /home/per/go/src/github.com/hultan/softtube/softtube/client.log
2020/03/07 11:03:01 	Videos path		:  /home/per/Videos/youtube/videos
2020/03/07 11:03:01 INTERVALS:
2020/03/07 11:03:01 	High 			:  1800
2020/03/07 11:03:01 	Medium 			:  7200
2020/03/07 11:03:01 	Low 			:  14400
2020/03/07 11:03:01 ---------
2020/03/07 11:03:01 
2020/03/07 11:03:01 Session started : BOHR
2020/03/07 11:03:01 
2020/03/07 11:03:01 -------------------
2020/03/07 11:03:01 - update finished -
2020/03/07 11:03:01 -------------------
2020/03/07 11:03:01 
